

Version:	3.50
CmdLine:	C:\Users\Thamoddya Rashmitha\Documents\NetBeansProjects\HotelManagmentth\hotel.exe --l4j-debug
JNI:		No
WOW64:		Yes
Working dir:	C:\Users\Thamoddya Rashmitha\Documents\NetBeansProjects\HotelManagmentth\.
Requires JDK:	Yes
Requires 64-Bit: Yes
Java min ver:	1.000.004
Java max ver:	
Substitute:	JAVA_HOME = C:\Program Files\Java\jdk-22\bin
Substitute:	PATH = C:\Program Files\Common Files\Oracle\Java\javapath;C:\Program Files\ImageMagick-7.1.1-Q16-HDRI;C:\Program Files\ImageMagick-7.1.1-Q16;C:\Program Files\OpenLogic\jdk-17.0.10.7-hotspot\bin;C:\Python312\Scripts\;C:\Python312\;C:\Windows\system32;C:\Windows;C:\Windows\System32\Wbem;C:\Windows\System32\WindowsPowerShell\v1.0\;C:\Windows\System32\OpenSSH\;C:\composer;C:\Program Files\Git\cmd;C:\ProgramData\chocolatey\bin;C:\Program Files (x86)\Microsoft SQL Server\160\DTS\Binn\;C:\Program Files\Azure Data Studio\bin;C:\Program Files\Docker\Docker\resources\bin;C:\Program Files (x86)\Yarn\bin\;C:\Program Files\PuTTY\;C:\Users\Thamoddya Rashmitha\AppData\Roaming\nvm;C:\Program Files\nodejs;C:\xampp\php;C:\Program Files\MySQL\MySQL Shell 8.0\bin\;C:\Users\Thamoddya Rashmitha\AppData\Local\Android\Sdk\tools;C:\Users\Thamoddya Rashmitha\AppData\Local\Microsoft\WindowsApps;C:\Users\Thamoddya Rashmitha\AppData\Local\Programs\Microsoft VS Code Insiders\bin;C:\Users\Thamoddya Rashmitha\AppData\Local\Programs\Microsoft VS Code\bin;C:\Users\Thamoddya Rashmitha\AppData\Roaming\Composer\vendor\bin;C:\Users\Thamoddya Rashmitha\AppData\Roaming\npm;C:\Program Files\JetBrains\JetBrains Rider 2023.1\bin;C:\Users\Thamoddya Rashmitha\AppData\Local\GitHubDesktop\bin;C:\Program Files\Azure Data Studio\bin;C:\Users\Thamoddya Rashmitha\AppData\Local\Android\Sdk;C:\Users\Thamoddya Rashmitha\AppData\Local\Android\Sdk\platform-tools;C:\Users\Thamoddya Rashmitha\AppData\Local\Yarn\bin;C:\Users\Thamoddya Rashmitha\AppData\Roaming\nvm;C:\Program Files\nodejs;C:\Program Files\JetBrains\PhpStorm 2023.2.3\bin;C:\xampp\php;C:\Program Files\JetBrains\WebStorm 2024.1.2\bin;C:\Users\Thamoddya Rashmitha\AppData\Local\gitkraken\bin;C:\Program Files\Java\jdk-22\bin
JRE paths:	C:\Program Files\Java\jdk-22\bin;C:\Program Files\Common Files\Oracle\Java\javapath;C:\Program Files\ImageMagick-7.1.1-Q16-HDRI;C:\Program Files\ImageMagick-7.1.1-Q16;C:\Program Files\OpenLogic\jdk-17.0.10.7-hotspot\bin;C:\Python312\Scripts\;C:\Python312\;C:\Windows\system32;C:\Windows;C:\Windows\System32\Wbem;C:\Windows\System32\WindowsPowerShell\v1.0\;C:\Windows\System32\OpenSSH\;C:\composer;C:\Program Files\Git\cmd;C:\ProgramData\chocolatey\bin;C:\Program Files (x86)\Microsoft SQL Server\160\DTS\Binn\;C:\Program Files\Azure Data Studio\bin;C:\Program Files\Docker\Docker\resources\bin;C:\Program Files (x86)\Yarn\bin\;C:\Program Files\PuTTY\;C:\Users\Thamoddya Rashmitha\AppData\Roaming\nvm;C:\Program Files\nodejs;C:\xampp\php;C:\Program Files\MySQL\MySQL Shell 8.0\bin\;C:\Users\Thamoddya Rashmitha\AppData\Local\Android\Sdk\tools;C:\Users\Thamoddya Rashmitha\AppData\Local\Microsoft\WindowsApps;C:\Users\Thamoddya Rashmitha\AppData\Local\Programs\Microsoft VS Code Insiders\bin;C:\Users\Thamoddya Rashmitha\AppData\Local\Programs\Microsoft VS Code\bin;C:\Users\Thamoddya Rashmitha\AppData\Roaming\Composer\vendor\bin;C:\Users\Thamoddya Rashmitha\AppData\Roaming\npm;C:\Program Files\JetBrains\JetBrains Rider 2023.1\bin;C:\Users\Thamoddya Rashmitha\AppData\Local\GitHubDesktop\bin;C:\Program Files\Azure Data Studio\bin;C:\Users\Thamoddya Rashmitha\AppData\Local\Android\Sdk;C:\Users\Thamoddya Rashmitha\AppData\Local\Android\Sdk\platform-tools;C:\Users\Thamoddya Rashmitha\AppData\Local\Yarn\bin;C:\Users\Thamoddya Rashmitha\AppData\Roaming\nvm;C:\Program Files\nodejs;C:\Program Files\JetBrains\PhpStorm 2023.2.3\bin;C:\xampp\php;C:\Program Files\JetBrains\WebStorm 2024.1.2\bin;C:\Users\Thamoddya Rashmitha\AppData\Local\gitkraken\bin;C:\Program Files\Java\jdk-22\bin
Check launcher:	C:\Program Files\Java\jdk-22\bin\javaw.exe (OK)
Check javac:	C:\Program Files\Java\jdk-22\bin\javac.exe (OK)
Version string: 1.022.000 / 64-Bit (OK)
Launcher:	C:\Program Files\Java\jdk-22\bin\javaw.exe
Launcher args:	-jar "C:\Users\Thamoddya Rashmitha\Documents\NetBeansProjects\HotelManagmentth\hotel.exe"
Args length:	89/32768 chars
Exit code:	0


Version:	3.50
CmdLine:	C:\Users\Thamoddya Rashmitha\Documents\NetBeansProjects\HotelManagmentth\hotel.exe --l4j-debug
JNI:		No
WOW64:		Yes
Working dir:	C:\Users\Thamoddya Rashmitha\Documents\NetBeansProjects\HotelManagmentth\.
Requires JDK:	Yes
Requires 64-Bit: Yes
Java min ver:	1.000.004
Java max ver:	
Substitute:	JAVA_HOME = C:\Program Files\Java\jdk-22\bin
Substitute:	PATH = C:\Program Files\Common Files\Oracle\Java\javapath;C:\Program Files\ImageMagick-7.1.1-Q16-HDRI;C:\Program Files\ImageMagick-7.1.1-Q16;C:\Program Files\OpenLogic\jdk-17.0.10.7-hotspot\bin;C:\Python312\Scripts\;C:\Python312\;C:\Windows\system32;C:\Windows;C:\Windows\System32\Wbem;C:\Windows\System32\WindowsPowerShell\v1.0\;C:\Windows\System32\OpenSSH\;C:\composer;C:\Program Files\Git\cmd;C:\ProgramData\chocolatey\bin;C:\Program Files (x86)\Microsoft SQL Server\160\DTS\Binn\;C:\Program Files\Azure Data Studio\bin;C:\Program Files\Docker\Docker\resources\bin;C:\Program Files (x86)\Yarn\bin\;C:\Program Files\PuTTY\;C:\Users\Thamoddya Rashmitha\AppData\Roaming\nvm;C:\Program Files\nodejs;C:\xampp\php;C:\Program Files\MySQL\MySQL Shell 8.0\bin\;C:\Users\Thamoddya Rashmitha\AppData\Local\Android\Sdk\tools;C:\Users\Thamoddya Rashmitha\AppData\Local\Microsoft\WindowsApps;C:\Users\Thamoddya Rashmitha\AppData\Local\Programs\Microsoft VS Code Insiders\bin;C:\Users\Thamoddya Rashmitha\AppData\Local\Programs\Microsoft VS Code\bin;C:\Users\Thamoddya Rashmitha\AppData\Roaming\Composer\vendor\bin;C:\Users\Thamoddya Rashmitha\AppData\Roaming\npm;C:\Program Files\JetBrains\JetBrains Rider 2023.1\bin;C:\Users\Thamoddya Rashmitha\AppData\Local\GitHubDesktop\bin;C:\Program Files\Azure Data Studio\bin;C:\Users\Thamoddya Rashmitha\AppData\Local\Android\Sdk;C:\Users\Thamoddya Rashmitha\AppData\Local\Android\Sdk\platform-tools;C:\Users\Thamoddya Rashmitha\AppData\Local\Yarn\bin;C:\Users\Thamoddya Rashmitha\AppData\Roaming\nvm;C:\Program Files\nodejs;C:\Program Files\JetBrains\PhpStorm 2023.2.3\bin;C:\xampp\php;C:\Program Files\JetBrains\WebStorm 2024.1.2\bin;C:\Users\Thamoddya Rashmitha\AppData\Local\gitkraken\bin;C:\Program Files\Java\jdk-22\bin
JRE paths:	C:\Program Files\Java\jdk-22\bin;C:\Program Files\Common Files\Oracle\Java\javapath;C:\Program Files\ImageMagick-7.1.1-Q16-HDRI;C:\Program Files\ImageMagick-7.1.1-Q16;C:\Program Files\OpenLogic\jdk-17.0.10.7-hotspot\bin;C:\Python312\Scripts\;C:\Python312\;C:\Windows\system32;C:\Windows;C:\Windows\System32\Wbem;C:\Windows\System32\WindowsPowerShell\v1.0\;C:\Windows\System32\OpenSSH\;C:\composer;C:\Program Files\Git\cmd;C:\ProgramData\chocolatey\bin;C:\Program Files (x86)\Microsoft SQL Server\160\DTS\Binn\;C:\Program Files\Azure Data Studio\bin;C:\Program Files\Docker\Docker\resources\bin;C:\Program Files (x86)\Yarn\bin\;C:\Program Files\PuTTY\;C:\Users\Thamoddya Rashmitha\AppData\Roaming\nvm;C:\Program Files\nodejs;C:\xampp\php;C:\Program Files\MySQL\MySQL Shell 8.0\bin\;C:\Users\Thamoddya Rashmitha\AppData\Local\Android\Sdk\tools;C:\Users\Thamoddya Rashmitha\AppData\Local\Microsoft\WindowsApps;C:\Users\Thamoddya Rashmitha\AppData\Local\Programs\Microsoft VS Code Insiders\bin;C:\Users\Thamoddya Rashmitha\AppData\Local\Programs\Microsoft VS Code\bin;C:\Users\Thamoddya Rashmitha\AppData\Roaming\Composer\vendor\bin;C:\Users\Thamoddya Rashmitha\AppData\Roaming\npm;C:\Program Files\JetBrains\JetBrains Rider 2023.1\bin;C:\Users\Thamoddya Rashmitha\AppData\Local\GitHubDesktop\bin;C:\Program Files\Azure Data Studio\bin;C:\Users\Thamoddya Rashmitha\AppData\Local\Android\Sdk;C:\Users\Thamoddya Rashmitha\AppData\Local\Android\Sdk\platform-tools;C:\Users\Thamoddya Rashmitha\AppData\Local\Yarn\bin;C:\Users\Thamoddya Rashmitha\AppData\Roaming\nvm;C:\Program Files\nodejs;C:\Program Files\JetBrains\PhpStorm 2023.2.3\bin;C:\xampp\php;C:\Program Files\JetBrains\WebStorm 2024.1.2\bin;C:\Users\Thamoddya Rashmitha\AppData\Local\gitkraken\bin;C:\Program Files\Java\jdk-22\bin
Check launcher:	C:\Program Files\Java\jdk-22\bin\javaw.exe (OK)
Check javac:	C:\Program Files\Java\jdk-22\bin\javac.exe (OK)
Version string: 1.022.000 / 64-Bit (OK)
Launcher:	C:\Program Files\Java\jdk-22\bin\javaw.exe
Launcher args:	-jar "C:\Users\Thamoddya Rashmitha\Documents\NetBeansProjects\HotelManagmentth\hotel.exe"
Args length:	89/32768 chars
Exit code:	0
